#
# There is insufficient memory for the Java Runtime Environment to continue.
# Native memory allocation (mmap) failed to map 134217728 bytes for G1 virtual space
# Possible reasons:
#   The system is out of physical RAM or swap space
#   The process is running with CompressedOops enabled, and the Java Heap may be blocking the growth of the native heap
# Possible solutions:
#   Reduce memory load on the system
#   Increase physical memory or swap space
#   Check if swap backing store is full
#   Decrease Java heap size (-Xmx/-Xms)
#   Decrease number of Java threads
#   Decrease Java thread stack sizes (-Xss)
#   Set larger code cache with -XX:ReservedCodeCacheSize=
#   JVM is running with Unscaled Compressed Oops mode in which the Java heap is
#     placed in the first 4GB address space. The Java Heap base address is the
#     maximum limit for the native heap growth. Please use -XX:HeapBaseMinAddress
#     to set the Java Heap base and to place the Java Heap above 4GB virtual address.
# This output file may be truncated or incomplete.
#
#  Out of Memory Error (os_windows.cpp:3600), pid=21072, tid=6796
#
# JRE version:  (21.0+35) (build )
# Java VM: Java HotSpot(TM) 64-Bit Server VM (21+35-LTS-2513, mixed mode, sharing, tiered, compressed oops, compressed class ptrs, g1 gc, windows-amd64)
# No core dump will be written. Minidumps are not enabled by default on client versions of Windows
#

---------------  S U M M A R Y ------------

Command Line: -Dnet.bytebuddy.agent.attacher.dump= net.bytebuddy.agent.Attacher com.sun.tools.attach.VirtualMachine 2296 C:\Users\kunal\.m2\repository\net\bytebuddy\byte-buddy-agent\1.14.13\byte-buddy-agent-1.14.13.jar false 

Host: Intel(R) Core(TM) i5-7200U CPU @ 2.50GHz, 4 cores, 7G,  Windows 10 , 64 bit Build 19041 (10.0.19041.3636)
Time: Thu May  9 23:26:05 2024 India Standard Time elapsed time: 0.024996 seconds (0d 0h 0m 0s)

---------------  T H R E A D  ---------------

Current thread (0x0000017fb1efcd90):  JavaThread "Unknown thread" [_thread_in_vm, id=6796, stack(0x00000063eec00000,0x00000063eed00000) (1024K)]

Stack: [0x00000063eec00000,0x00000063eed00000]
Native frames: (J=compiled Java code, j=interpreted, Vv=VM code, C=native code)
V  [jvm.dll+0x6c8d39]
V  [jvm.dll+0x854091]
V  [jvm.dll+0x85630e]
V  [jvm.dll+0x8569e3]
V  [jvm.dll+0x2809a6]
V  [jvm.dll+0x6c5425]
V  [jvm.dll+0x6b9e1a]
V  [jvm.dll+0x3555ba]
V  [jvm.dll+0x35d206]
V  [jvm.dll+0x3adf6e]
V  [jvm.dll+0x3ae218]
V  [jvm.dll+0x328fcc]
V  [jvm.dll+0x329b5b]
V  [jvm.dll+0x81c699]
V  [jvm.dll+0x3bb2a1]
V  [jvm.dll+0x805688]
V  [jvm.dll+0x44ed9e]
V  [jvm.dll+0x4506a1]
C  [jli.dll+0x52a3]
C  [ucrtbase.dll+0x21bb2]
C  [KERNEL32.DLL+0x17344]
C  [ntdll.dll+0x526b1]


---------------  P R O C E S S  ---------------

Threads class SMR info:
_java_thread_list=0x00007ffe5c287b48, length=0, elements={
}

Java Threads: ( => current thread )
Total: 0

Other Threads:
  0x0000017fb410c920 WorkerThread "GC Thread#0"                     [id=23776, stack(0x00000063eed00000,0x00000063eee00000) (1024K)]
  0x0000017fb411dfc0 ConcurrentGCThread "G1 Main Marker"            [id=26308, stack(0x00000063eee00000,0x00000063eef00000) (1024K)]
  0x0000017fb4120670 WorkerThread "G1 Conc#0"                       [id=2880, stack(0x00000063eef00000,0x00000063ef000000) (1024K)]

[error occurred during error reporting (printing all threads), id 0xc0000005, EXCEPTION_ACCESS_VIOLATION (0xc0000005) at pc=0x00007ffe5b9fc097]
VM state: not at safepoint (not fully initialized)

VM Mutex/Monitor currently owned by a thread:  ([mutex/lock_event])
[0x00007ffe5c2f8648] Heap_lock - owner thread: 0x0000017fb1efcd90

Heap address: 0x0000000081800000, size: 2024 MB, Compressed Oops mode: 32-bit

CDS archive(s) mapped at: [0x0000000000000000-0x0000000000000000-0x0000000000000000), size 0, SharedBaseAddress: 0x0000000800000000, ArchiveRelocationMode: 1.
Narrow klass base: 0x0000000000000000, Narrow klass shift: 0, Narrow klass range: 0x0

GC Precious Log:
 CardTable entry size: 512
 Card Set container configuration: InlinePtr #cards 5 size 8 Array Of Cards #cards 12 size 40 Howl #buckets 4 coarsen threshold 1843 Howl Bitmap #cards 512 size 80 coarsen threshold 460 Card regions per heap region 1 cards per card region 2048

Heap:
 garbage-first heap   total 0K, used 0K [0x0000000081800000, 0x0000000100000000)
  region size 1024K, 0 young (0K), 0 survivors (0K)

[error occurred during error reporting (printing heap information), id 0xc0000005, EXCEPTION_ACCESS_VIOLATION (0xc0000005) at pc=0x00007ffe5bde1939]
GC Heap History (0 events):
No events

Dll operation events (1 events):
Event: 0.014 Loaded shared library C:\Program Files\Java\jdk-21\bin\java.dll

Deoptimization events (0 events):
No events

Classes loaded (0 events):
No events

Classes unloaded (0 events):
No events

Classes redefined (0 events):
No events

Internal exceptions (0 events):
No events

ZGC Phase Switch (0 events):
No events

VM Operations (0 events):
No events

Events (0 events):
No events


Dynamic libraries:
0x00007ff7810f0000 - 0x00007ff781100000 	C:\Program Files\Java\jdk-21\bin\java.exe
0x00007ffed4290000 - 0x00007ffed4488000 	C:\WINDOWS\SYSTEM32\ntdll.dll
0x00007ffed3c10000 - 0x00007ffed3ccd000 	C:\WINDOWS\System32\KERNEL32.DLL
0x00007ffed1a40000 - 0x00007ffed1d36000 	C:\WINDOWS\System32\KERNELBASE.dll
0x00007ffed1940000 - 0x00007ffed1a40000 	C:\WINDOWS\System32\ucrtbase.dll
0x00007ffe98f40000 - 0x00007ffe98f59000 	C:\Program Files\Java\jdk-21\bin\jli.dll
0x00007ffed4120000 - 0x00007ffed41d0000 	C:\WINDOWS\System32\ADVAPI32.dll
0x00007ffed3fa0000 - 0x00007ffed403e000 	C:\WINDOWS\System32\msvcrt.dll
0x00007ffead5a0000 - 0x00007ffead5bb000 	C:\Program Files\Java\jdk-21\bin\VCRUNTIME140.dll
0x00007ffed26c0000 - 0x00007ffed2760000 	C:\WINDOWS\System32\sechost.dll
0x00007ffed3720000 - 0x00007ffed3843000 	C:\WINDOWS\System32\RPCRT4.dll
0x00007ffed2110000 - 0x00007ffed2137000 	C:\WINDOWS\System32\bcrypt.dll
0x00007ffed23f0000 - 0x00007ffed258f000 	C:\WINDOWS\System32\USER32.dll
0x00007ffed1e60000 - 0x00007ffed1e82000 	C:\WINDOWS\System32\win32u.dll
0x00007ffed4040000 - 0x00007ffed406b000 	C:\WINDOWS\System32\GDI32.dll
0x00007ffeb2e30000 - 0x00007ffeb30ca000 	C:\WINDOWS\WinSxS\amd64_microsoft.windows.common-controls_6595b64144ccf1df_6.0.19041.4355_none_60b8b9eb71f62e16\COMCTL32.dll
0x00007ffed1e90000 - 0x00007ffed1fa7000 	C:\WINDOWS\System32\gdi32full.dll
0x00007ffed2140000 - 0x00007ffed21dd000 	C:\WINDOWS\System32\msvcp_win.dll
0x00007ffec2880000 - 0x00007ffec288a000 	C:\WINDOWS\SYSTEM32\VERSION.dll
0x00007ffed3870000 - 0x00007ffed38a2000 	C:\WINDOWS\System32\IMM32.DLL
0x00007ffec8ad0000 - 0x00007ffec8adc000 	C:\Program Files\Java\jdk-21\bin\vcruntime140_1.dll
0x00007ffe7daf0000 - 0x00007ffe7db7e000 	C:\Program Files\Java\jdk-21\bin\msvcp140.dll
0x00007ffe5b6c0000 - 0x00007ffe5c3d3000 	C:\Program Files\Java\jdk-21\bin\server\jvm.dll
0x00007ffed2d50000 - 0x00007ffed2dbb000 	C:\WINDOWS\System32\WS2_32.dll
0x00007ffed0e20000 - 0x00007ffed0e6b000 	C:\WINDOWS\SYSTEM32\POWRPROF.dll
0x00007ffec8930000 - 0x00007ffec8957000 	C:\WINDOWS\SYSTEM32\WINMM.dll
0x00007ffed0cf0000 - 0x00007ffed0d02000 	C:\WINDOWS\SYSTEM32\UMPDC.dll
0x00007ffecf780000 - 0x00007ffecf792000 	C:\WINDOWS\SYSTEM32\kernel.appcore.dll
0x00007ffeaf1d0000 - 0x00007ffeaf1da000 	C:\Program Files\Java\jdk-21\bin\jimage.dll
0x00007ffecf120000 - 0x00007ffecf304000 	C:\WINDOWS\SYSTEM32\DBGHELP.DLL
0x00007ffea8530000 - 0x00007ffea8564000 	C:\WINDOWS\SYSTEM32\dbgcore.DLL
0x00007ffed2230000 - 0x00007ffed22b2000 	C:\WINDOWS\System32\bcryptPrimitives.dll
0x00007ffe8ef20000 - 0x00007ffe8ef3f000 	C:\Program Files\Java\jdk-21\bin\java.dll

dbghelp: loaded successfully - version: 4.0.5 - missing functions: none
symbol engine: initialized successfully - sym options: 0x614 - pdb path: .;C:\Program Files\Java\jdk-21\bin;C:\WINDOWS\SYSTEM32;C:\WINDOWS\WinSxS\amd64_microsoft.windows.common-controls_6595b64144ccf1df_6.0.19041.4355_none_60b8b9eb71f62e16;C:\Program Files\Java\jdk-21\bin\server

VM Arguments:
jvm_args: -Dnet.bytebuddy.agent.attacher.dump= 
java_command: net.bytebuddy.agent.Attacher com.sun.tools.attach.VirtualMachine 2296 C:\Users\kunal\.m2\repository\net\bytebuddy\byte-buddy-agent\1.14.13\byte-buddy-agent-1.14.13.jar false 
java_class_path (initial): C:\Users\kunal\.m2\repository\net\bytebuddy\byte-buddy-agent\1.14.13\byte-buddy-agent-1.14.13.jar
Launcher Type: SUN_STANDARD

[Global flags]
     intx CICompilerCount                          = 3                                         {product} {ergonomic}
     uint ConcGCThreads                            = 1                                         {product} {ergonomic}
     uint G1ConcRefinementThreads                  = 4                                         {product} {ergonomic}
   size_t G1HeapRegionSize                         = 1048576                                   {product} {ergonomic}
    uintx GCDrainStackTargetSize                   = 64                                        {product} {ergonomic}
   size_t InitialHeapSize                          = 134217728                                 {product} {ergonomic}
   size_t MarkStackSize                            = 4194304                                   {product} {ergonomic}
   size_t MaxHeapSize                              = 2122317824                                {product} {ergonomic}
   size_t MinHeapDeltaBytes                        = 1048576                                   {product} {ergonomic}
   size_t MinHeapSize                              = 8388608                                   {product} {ergonomic}
    uintx NonNMethodCodeHeapSize                   = 5832780                                {pd product} {ergonomic}
    uintx NonProfiledCodeHeapSize                  = 122912730                              {pd product} {ergonomic}
    uintx ProfiledCodeHeapSize                     = 122912730                              {pd product} {ergonomic}
    uintx ReservedCodeCacheSize                    = 251658240                              {pd product} {ergonomic}
     bool SegmentedCodeCache                       = true                                      {product} {ergonomic}
   size_t SoftMaxHeapSize                          = 2122317824                             {manageable} {ergonomic}
     bool UseCompressedOops                        = true                           {product lp64_product} {ergonomic}
     bool UseG1GC                                  = true                                      {product} {ergonomic}
     bool UseLargePagesIndividualAllocation        = false                                  {pd product} {ergonomic}

Logging:
Log output configuration:
 #0: stdout all=warning uptime,level,tags foldmultilines=false
 #1: stderr all=off uptime,level,tags foldmultilines=false

Environment Variables:
PATH=C:\Program Files\Common Files\Oracle\Java\javapath;C:\WINDOWS\system32;C:\WINDOWS;C:\WINDOWS\System32\Wbem;C:\WINDOWS\System32\WindowsPowerShell\v1.0\;C:\WINDOWS\System32\OpenSSH\;C:\Program Files\dotnet\;C:\Program Files\Git\cmd;C:\Program Files (x86)\NVIDIA Corporation\PhysX\Common;C:\Program Files\MySQL\MySQL Shell 8.0\bin\;C:\Users\kunal\AppData\Local\Microsoft\WindowsApps;C:\Program Files\JetBrains\IntelliJ IDEA Community Edition 2022.2.3\bin;C:\Program Files\JetBrains\IntelliJ IDEA 2023.2.5\bin;C:\Users\kunal\AppData\Local\GitHubDesktop\bin;C:\Users\kunal\AppData\Local\JetBrains\Toolbox\scripts;C:\Users\kunal\AppData\Local\Programs\Microsoft VS Code\bin
USERNAME=kunal
OS=Windows_NT
PROCESSOR_IDENTIFIER=Intel64 Family 6 Model 142 Stepping 9, GenuineIntel
TMP=C:\Users\kunal\AppData\Local\Temp
TEMP=C:\Users\kunal\AppData\Local\Temp




---------------  S Y S T E M  ---------------

OS:
 Windows 10 , 64 bit Build 19041 (10.0.19041.3636)
OS uptime: 3 days 5:48 hours
Hyper-V role detected

CPU: total 4 (initial active 4) (2 cores per cpu, 2 threads per core) family 6 model 142 stepping 9 microcode 0xb4, cx8, cmov, fxsr, ht, mmx, 3dnowpref, sse, sse2, sse3, ssse3, sse4.1, sse4.2, popcnt, lzcnt, tsc, tscinvbit, avx, avx2, aes, erms, clmul, bmi1, bmi2, adx, fma, vzeroupper, clflush, clflushopt, hv, rdtscp, f16c
Processor Information for all 4 processors :
  Max Mhz: 2712, Current Mhz: 2712, Mhz Limit: 2712

Memory: 4k page, system-wide physical 8092M (985M free)
TotalPageFile size 32668M (AvailPageFile size 28M)
current process WorkingSet (physical memory assigned to process): 10M, peak: 10M
current process commit charge ("private bytes"): 51M, peak: 179M

vm_info: Java HotSpot(TM) 64-Bit Server VM (21+35-LTS-2513) for windows-amd64 JRE (21+35-LTS-2513), built on 2023-08-09T20:25:10Z by "mach5one" with MS VC++ 17.1 (VS2022)

END.
